{"uuid":"23b887d4-1f01-4c34-a209-0342a0420d6b","historyId":"81707404867e4fece1ef4905d4c52a00","fullName":"User has to order a book on Amazon: A","labels":[{"name":"tag","value":"amazon"},{"name":"tag","value":"launch"},{"name":"host","value":"DESKTOP-RGL4EEL"},{"name":"thread","value":"28196@DESKTOP-RGL4EEL.main(1)"},{"name":"feature","value":"User has to order a book on Amazon"},{"name":"story","value":"A"},{"name":"suite","value":"User has to order a book on Amazon"},{"name":"testClass","value":"A"},{"name":"framework","value":"cucumber4jvm"},{"name":"language","value":"java"},{"name":"gherkin_uri","value":"file:///C:/Users/janga/eclipse-workspace/BDDSampleproject/src/test/resources/featuresample/Amazonsample.feature"},{"name":"package","value":"src.test.resources.featuresample.Amazonsample_feature.User has to order a book on Amazon"}],"links":[],"name":"A","status":"broken","statusDetails":{"known":false,"muted":false,"flaky":false,"message":"Unable to find element with locator By.xpath: //div[@id=\"selectQuantity\"]/span/div/div/span/span/span/span\nFor documentation on this error, please visit: https://selenium.dev/exceptions/#no_such_element\nBuild info: version: '4.7.2', revision: '4d4020c3b7'\nSystem info: os.name: 'Windows 11', os.arch: 'amd64', os.version: '10.0', java.version: '19.0.1'\nDriver info: driver.version: RemoteWebDriver","trace":"org.openqa.selenium.NoSuchElementException: Unable to find element with locator By.xpath: //div[@id=\"selectQuantity\"]/span/div/div/span/span/span/span\nFor documentation on this error, please visit: https://selenium.dev/exceptions/#no_such_element\nBuild info: version: '4.7.2', revision: '4d4020c3b7'\nSystem info: os.name: 'Windows 11', os.arch: 'amd64', os.version: '10.0', java.version: '19.0.1'\nDriver info: driver.version: RemoteWebDriver\r\n\tat org.openqa.selenium.remote.ElementLocation$ElementFinder$2.findElement(ElementLocation.java:165)\r\n\tat org.openqa.selenium.remote.ElementLocation.findElement(ElementLocation.java:60)\r\n\tat org.openqa.selenium.remote.RemoteWebDriver.findElement(RemoteWebDriver.java:351)\r\n\tat org.openqa.selenium.remote.RemoteWebDriver.findElement(RemoteWebDriver.java:343)\r\n\tat sampleproject.amazonstepdef.SetQuantity(amazonstepdef.java:51)\r\n\tat ✽.Set the quantity(file:///C:/Users/janga/eclipse-workspace/BDDSampleproject/src/test/resources/featuresample/Amazonsample.feature:12)\r\n"},"stage":"finished","description":"User has to be successful in this task","steps":[{"name":"Given  Application needs to be launched","status":"passed","statusDetails":{"known":false,"muted":false,"flaky":false},"stage":"finished","steps":[],"attachments":[],"parameters":[],"start":1675401382420,"stop":1675401394135},{"name":"When  user gives the website link","status":"passed","statusDetails":{"known":false,"muted":false,"flaky":false},"stage":"finished","steps":[],"attachments":[],"parameters":[],"start":1675401394147,"stop":1675401394151},{"name":"Then  user searches for the book","status":"passed","statusDetails":{"known":false,"muted":false,"flaky":false},"stage":"finished","steps":[],"attachments":[],"parameters":[],"start":1675401394153,"stop":1675401398165},{"name":"And  user clicks on the book","status":"passed","statusDetails":{"known":false,"muted":false,"flaky":false},"stage":"finished","steps":[],"attachments":[],"parameters":[],"start":1675401398173,"stop":1675401402852},{"name":"And  Set the quantity","status":"broken","statusDetails":{"known":false,"muted":false,"flaky":false,"message":"Unable to find element with locator By.xpath: //div[@id=\"selectQuantity\"]/span/div/div/span/span/span/span\nFor documentation on this error, please visit: https://selenium.dev/exceptions/#no_such_element\nBuild info: version: '4.7.2', revision: '4d4020c3b7'\nSystem info: os.name: 'Windows 11', os.arch: 'amd64', os.version: '10.0', java.version: '19.0.1'\nDriver info: driver.version: RemoteWebDriver","trace":"org.openqa.selenium.NoSuchElementException: Unable to find element with locator By.xpath: //div[@id=\"selectQuantity\"]/span/div/div/span/span/span/span\nFor documentation on this error, please visit: https://selenium.dev/exceptions/#no_such_element\nBuild info: version: '4.7.2', revision: '4d4020c3b7'\nSystem info: os.name: 'Windows 11', os.arch: 'amd64', os.version: '10.0', java.version: '19.0.1'\nDriver info: driver.version: RemoteWebDriver\r\n\tat org.openqa.selenium.remote.ElementLocation$ElementFinder$2.findElement(ElementLocation.java:165)\r\n\tat org.openqa.selenium.remote.ElementLocation.findElement(ElementLocation.java:60)\r\n\tat org.openqa.selenium.remote.RemoteWebDriver.findElement(RemoteWebDriver.java:351)\r\n\tat org.openqa.selenium.remote.RemoteWebDriver.findElement(RemoteWebDriver.java:343)\r\n\tat sampleproject.amazonstepdef.SetQuantity(amazonstepdef.java:51)\r\n\tat ✽.Set the quantity(file:///C:/Users/janga/eclipse-workspace/BDDSampleproject/src/test/resources/featuresample/Amazonsample.feature:12)\r\n"},"stage":"finished","steps":[],"attachments":[],"parameters":[],"start":1675401402854,"stop":1675401406992},{"name":"When  user sets the quantity to 2","status":"skipped","statusDetails":{"known":false,"muted":false,"flaky":false},"stage":"finished","steps":[],"attachments":[],"parameters":[],"start":1675401406997,"stop":1675401407004},{"name":"Then  add book to the cart","status":"skipped","statusDetails":{"known":false,"muted":false,"flaky":false},"stage":"finished","steps":[],"attachments":[],"parameters":[],"start":1675401407007,"stop":1675401407010}],"attachments":[],"parameters":[],"start":1675401382260,"stop":1675401407038}