{"uuid":"97f46693-7bf8-415e-b2ea-0a720cc1b0aa","historyId":"81707404867e4fece1ef4905d4c52a00","fullName":"User has to order a book on Amazon: A","labels":[{"name":"tag","value":"amazon"},{"name":"tag","value":"launch"},{"name":"host","value":"DESKTOP-RGL4EEL"},{"name":"thread","value":"27028@DESKTOP-RGL4EEL.main(1)"},{"name":"feature","value":"User has to order a book on Amazon"},{"name":"story","value":"A"},{"name":"suite","value":"User has to order a book on Amazon"},{"name":"testClass","value":"A"},{"name":"framework","value":"cucumber4jvm"},{"name":"language","value":"java"},{"name":"gherkin_uri","value":"file:///C:/Users/janga/eclipse-workspace/BDDSampleproject/src/test/resources/featuresample/Amazonsample.feature"},{"name":"package","value":"src.test.resources.featuresample.Amazonsample_feature.User has to order a book on Amazon"}],"links":[],"name":"A","status":"broken","statusDetails":{"known":false,"muted":false,"flaky":false,"message":"Unable to find element with locator By.xpath: //div[@id=\"selectQuantity\"]/span/div/div/span/span/span/span\nFor documentation on this error, please visit: https://selenium.dev/exceptions/#no_such_element\nBuild info: version: '4.7.2', revision: '4d4020c3b7'\nSystem info: os.name: 'Windows 11', os.arch: 'amd64', os.version: '10.0', java.version: '19.0.1'\nDriver info: driver.version: RemoteWebDriver","trace":"org.openqa.selenium.NoSuchElementException: Unable to find element with locator By.xpath: //div[@id=\"selectQuantity\"]/span/div/div/span/span/span/span\nFor documentation on this error, please visit: https://selenium.dev/exceptions/#no_such_element\nBuild info: version: '4.7.2', revision: '4d4020c3b7'\nSystem info: os.name: 'Windows 11', os.arch: 'amd64', os.version: '10.0', java.version: '19.0.1'\nDriver info: driver.version: RemoteWebDriver\r\n\tat org.openqa.selenium.remote.ElementLocation$ElementFinder$2.findElement(ElementLocation.java:165)\r\n\tat org.openqa.selenium.remote.ElementLocation.findElement(ElementLocation.java:60)\r\n\tat org.openqa.selenium.remote.RemoteWebDriver.findElement(RemoteWebDriver.java:351)\r\n\tat org.openqa.selenium.remote.RemoteWebDriver.findElement(RemoteWebDriver.java:343)\r\n\tat sampleproject.amazonstepdef.SetQuantity(amazonstepdef.java:51)\r\n\tat ✽.Set the quantity(file:///C:/Users/janga/eclipse-workspace/BDDSampleproject/src/test/resources/featuresample/Amazonsample.feature:12)\r\n"},"stage":"finished","description":"User has to be successful in this task","steps":[{"name":"Given  Application needs to be launched","status":"passed","statusDetails":{"known":false,"muted":false,"flaky":false},"stage":"finished","steps":[],"attachments":[],"parameters":[],"start":1675405839196,"stop":1675405848369},{"name":"When  user gives the website link","status":"passed","statusDetails":{"known":false,"muted":false,"flaky":false},"stage":"finished","steps":[],"attachments":[],"parameters":[],"start":1675405848381,"stop":1675405848386},{"name":"Then  user searches for the book","status":"passed","statusDetails":{"known":false,"muted":false,"flaky":false},"stage":"finished","steps":[],"attachments":[],"parameters":[],"start":1675405848388,"stop":1675405853938},{"name":"And  user clicks on the book","status":"passed","statusDetails":{"known":false,"muted":false,"flaky":false},"stage":"finished","steps":[],"attachments":[],"parameters":[],"start":1675405853939,"stop":1675405858905},{"name":"And  Set the quantity","status":"broken","statusDetails":{"known":false,"muted":false,"flaky":false,"message":"Unable to find element with locator By.xpath: //div[@id=\"selectQuantity\"]/span/div/div/span/span/span/span\nFor documentation on this error, please visit: https://selenium.dev/exceptions/#no_such_element\nBuild info: version: '4.7.2', revision: '4d4020c3b7'\nSystem info: os.name: 'Windows 11', os.arch: 'amd64', os.version: '10.0', java.version: '19.0.1'\nDriver info: driver.version: RemoteWebDriver","trace":"org.openqa.selenium.NoSuchElementException: Unable to find element with locator By.xpath: //div[@id=\"selectQuantity\"]/span/div/div/span/span/span/span\nFor documentation on this error, please visit: https://selenium.dev/exceptions/#no_such_element\nBuild info: version: '4.7.2', revision: '4d4020c3b7'\nSystem info: os.name: 'Windows 11', os.arch: 'amd64', os.version: '10.0', java.version: '19.0.1'\nDriver info: driver.version: RemoteWebDriver\r\n\tat org.openqa.selenium.remote.ElementLocation$ElementFinder$2.findElement(ElementLocation.java:165)\r\n\tat org.openqa.selenium.remote.ElementLocation.findElement(ElementLocation.java:60)\r\n\tat org.openqa.selenium.remote.RemoteWebDriver.findElement(RemoteWebDriver.java:351)\r\n\tat org.openqa.selenium.remote.RemoteWebDriver.findElement(RemoteWebDriver.java:343)\r\n\tat sampleproject.amazonstepdef.SetQuantity(amazonstepdef.java:51)\r\n\tat ✽.Set the quantity(file:///C:/Users/janga/eclipse-workspace/BDDSampleproject/src/test/resources/featuresample/Amazonsample.feature:12)\r\n"},"stage":"finished","steps":[],"attachments":[],"parameters":[],"start":1675405858906,"stop":1675405865479},{"name":"When  user sets the quantity to 2","status":"skipped","statusDetails":{"known":false,"muted":false,"flaky":false},"stage":"finished","steps":[],"attachments":[],"parameters":[],"start":1675405865502,"stop":1675405865508},{"name":"Then  add book to the cart","status":"skipped","statusDetails":{"known":false,"muted":false,"flaky":false},"stage":"finished","steps":[],"attachments":[],"parameters":[],"start":1675405865510,"stop":1675405865512}],"attachments":[],"parameters":[],"start":1675405838991,"stop":1675405865547}